{
  "Unit Tests": {
    "coverage": {
      "/Users/mayutakeda/turing/1mod/projects/black_thursday/lib/item.rb": {
        "lines": [
          1,
          null,
          1,
          1,
          1,
          1,
          null,
          1,
          1367,
          1367,
          1367,
          1367,
          1367,
          1367,
          1367,
          null,
          null
        ]
      },
      "/Users/mayutakeda/turing/1mod/projects/black_thursday/lib/enumerable.rb": {
        "lines": [
          1,
          null,
          1,
          0,
          null,
          null,
          1,
          0,
          null,
          null,
          1,
          0,
          0,
          null,
          null,
          1,
          0,
          0,
          0,
          null,
          null,
          1,
          0,
          null,
          null,
          1,
          0,
          0,
          0,
          null,
          null,
          1,
          0,
          null,
          null
        ]
      },
      "/Users/mayutakeda/turing/1mod/projects/black_thursday/lib/sales_engine.rb": {
        "lines": [
          1,
          1,
          null,
          1,
          1,
          1,
          1,
          1,
          1,
          1,
          null,
          null,
          1,
          1,
          null,
          null
        ]
      },
      "/Users/mayutakeda/turing/1mod/projects/black_thursday/lib/merchant.rb": {
        "lines": [
          1,
          1,
          1,
          null,
          1,
          475,
          475,
          null,
          null
        ]
      },
      "/Users/mayutakeda/turing/1mod/projects/black_thursday/lib/merchant_repository.rb": {
        "lines": [
          1,
          null,
          1,
          1,
          1,
          null,
          1,
          1,
          1,
          1,
          475,
          null,
          null,
          null,
          1,
          0,
          0,
          null,
          null,
          null,
          1,
          0,
          null,
          null,
          1,
          0,
          0,
          null,
          null,
          null,
          null,
          null
        ]
      },
      "/Users/mayutakeda/turing/1mod/projects/black_thursday/lib/item_repository.rb": {
        "lines": [
          1,
          1,
          1,
          null,
          1,
          1,
          1,
          null,
          1,
          1,
          1,
          null,
          1,
          1367,
          null,
          null,
          null,
          null,
          1,
          0,
          null,
          null,
          1,
          0,
          null,
          null,
          1,
          0,
          null,
          null,
          1,
          0,
          null,
          null,
          null,
          null,
          null,
          null,
          null,
          null,
          0,
          0,
          null,
          null,
          1,
          0,
          0,
          0,
          0,
          0,
          0,
          null,
          0,
          null,
          0,
          null,
          null
        ]
      },
      "/Users/mayutakeda/turing/1mod/projects/black_thursday/lib/sales_analyst.rb": {
        "lines": [
          1,
          null,
          1,
          1,
          1,
          null,
          null,
          1,
          1,
          1,
          1,
          1,
          1,
          null,
          null,
          1,
          0,
          null,
          null,
          null,
          1,
          0,
          0,
          0,
          0,
          0,
          0,
          null,
          null,
          1,
          1428,
          null,
          null,
          1,
          0,
          null,
          null,
          1,
          0,
          0,
          0,
          null,
          0,
          null,
          null,
          1,
          0,
          0,
          0,
          null,
          null,
          1,
          0,
          0,
          null,
          null,
          1,
          0,
          0,
          null,
          null,
          1,
          0,
          0,
          0,
          0,
          null,
          null,
          1,
          0,
          null,
          null,
          1,
          0,
          null,
          null,
          1,
          0,
          0,
          0,
          0,
          0,
          0,
          null,
          null,
          1,
          0,
          0,
          0,
          null,
          0,
          null,
          null,
          1,
          0,
          0,
          0,
          null,
          0,
          null,
          null,
          1,
          0,
          0,
          0,
          null,
          0,
          0,
          null,
          null,
          null,
          1,
          0,
          0,
          0,
          0,
          0,
          null,
          null,
          1,
          0,
          0,
          0,
          0,
          0,
          0,
          null,
          null,
          0,
          null,
          null,
          null,
          null,
          null,
          null,
          null,
          null,
          null,
          null,
          null,
          null,
          null,
          null,
          null,
          null,
          1,
          0,
          null,
          null,
          1,
          0,
          0,
          0,
          null,
          0,
          0,
          null,
          null,
          null,
          null,
          1,
          0,
          0,
          0,
          null,
          0,
          null,
          null,
          1,
          0,
          0,
          0,
          0,
          null,
          null,
          1,
          0,
          0,
          0,
          0,
          0,
          0,
          0,
          null,
          null,
          1,
          3,
          3,
          7105050,
          null,
          3,
          null,
          null,
          1,
          0,
          0,
          0,
          0,
          null,
          null,
          0,
          null,
          null,
          1,
          0,
          0,
          0,
          0,
          0,
          null,
          null,
          null,
          0,
          null,
          null,
          1,
          0,
          0,
          0,
          null,
          null,
          1,
          0,
          0,
          0,
          0,
          null,
          null,
          0,
          null,
          null,
          1,
          0,
          0,
          null,
          0,
          null,
          null,
          1,
          3,
          3,
          3,
          1425,
          14955,
          4419,
          null,
          null,
          null,
          3,
          639744,
          null,
          null,
          null
        ]
      },
      "/Users/mayutakeda/turing/1mod/projects/black_thursday/lib/invoice.rb": {
        "lines": [
          1,
          1,
          1,
          null,
          1,
          4985,
          4985,
          4985,
          4985,
          4985,
          4985,
          null,
          null
        ]
      },
      "/Users/mayutakeda/turing/1mod/projects/black_thursday/lib/invoice_repository.rb": {
        "lines": [
          1,
          null,
          1,
          1,
          1,
          null,
          1,
          1,
          1,
          null,
          1,
          4985,
          null,
          null,
          null,
          null,
          null,
          null,
          null,
          null,
          null,
          null,
          1,
          0,
          null,
          null,
          1,
          0,
          null,
          null,
          1,
          0,
          null,
          null,
          null,
          null,
          null,
          null,
          null,
          0,
          0,
          null,
          null,
          1,
          0,
          0,
          0,
          null,
          null,
          null,
          null,
          null
        ]
      },
      "/Users/mayutakeda/turing/1mod/projects/black_thursday/lib/invoice_item.rb": {
        "lines": [
          1,
          null,
          1,
          1,
          1,
          1,
          null,
          1,
          21830,
          21830,
          21830,
          21830,
          21830,
          21830,
          21830,
          null,
          null
        ]
      },
      "/Users/mayutakeda/turing/1mod/projects/black_thursday/lib/invoice_item_repository.rb": {
        "lines": [
          1,
          null,
          1,
          1,
          1,
          null,
          1,
          1,
          1,
          null,
          1,
          21830,
          null,
          null,
          null,
          null,
          null,
          null,
          null,
          null,
          null,
          null,
          null,
          1,
          0,
          null,
          null,
          1,
          0,
          null,
          null,
          null,
          null,
          null,
          null,
          null,
          null,
          0,
          0,
          null,
          null,
          1,
          0,
          0,
          0,
          0,
          null,
          0,
          null,
          0,
          null,
          null
        ]
      },
      "/Users/mayutakeda/turing/1mod/projects/black_thursday/lib/transaction.rb": {
        "lines": [
          1,
          1,
          1,
          null,
          1,
          4985,
          4985,
          4985,
          4985,
          4985,
          4985,
          4985,
          null,
          null
        ]
      },
      "/Users/mayutakeda/turing/1mod/projects/black_thursday/lib/transaction_repository.rb": {
        "lines": [
          1,
          null,
          1,
          1,
          1,
          null,
          1,
          1,
          null,
          1,
          4985,
          null,
          null,
          null,
          null,
          null,
          null,
          null,
          null,
          null,
          null,
          null,
          1,
          0,
          null,
          null,
          1,
          0,
          null,
          null,
          1,
          0,
          null,
          null,
          1,
          0,
          null,
          null,
          null,
          null,
          null,
          null,
          null,
          null,
          0,
          0,
          null,
          null,
          1,
          0,
          0,
          0,
          0,
          0,
          0,
          null,
          0,
          null,
          0,
          null,
          null
        ]
      }
    },
    "timestamp": 1654559406
  },
  "RSpec": {
    "coverage": {
      "/Users/mayutakeda/turing/1mod/projects/black_thursday/lib/item.rb": {
        "lines": [
          1,
          null,
          1,
          1,
          1,
          1,
          null,
          1,
          91604,
          91604,
          91604,
          91604,
          91604,
          91604,
          91604,
          null,
          null
        ]
      },
      "/Users/mayutakeda/turing/1mod/projects/black_thursday/lib/enumerable.rb": {
        "lines": [
          1,
          null,
          1,
          846739,
          null,
          null,
          1,
          3224,
          null,
          null,
          1,
          8,
          8,
          null,
          null,
          1,
          20,
          20,
          20,
          null,
          null,
          1,
          28727424,
          null,
          null,
          1,
          26,
          26,
          26,
          null,
          null,
          1,
          3756525,
          null,
          null
        ]
      },
      "/Users/mayutakeda/turing/1mod/projects/black_thursday/lib/sales_engine.rb": {
        "lines": [
          1,
          1,
          null,
          1,
          56,
          56,
          56,
          56,
          56,
          56,
          null,
          null,
          1,
          56,
          null,
          null,
          null,
          null
        ]
      },
      "/Users/mayutakeda/turing/1mod/projects/black_thursday/lib/merchant.rb": {
        "lines": [
          1,
          1,
          1,
          null,
          1,
          30405,
          30405,
          null,
          null
        ]
      },
      "/Users/mayutakeda/turing/1mod/projects/black_thursday/lib/merchant_repository.rb": {
        "lines": [
          1,
          null,
          1,
          1,
          1,
          null,
          1,
          64,
          64,
          64,
          30400,
          null,
          null,
          null,
          1,
          2,
          950,
          null,
          null,
          null,
          1,
          3,
          null,
          null,
          1,
          1,
          1,
          null,
          null,
          null,
          null,
          null
        ]
      },
      "/Users/mayutakeda/turing/1mod/projects/black_thursday/lib/item_repository.rb": {
        "lines": [
          1,
          1,
          1,
          null,
          1,
          1,
          1,
          null,
          1,
          67,
          67,
          null,
          67,
          91589,
          null,
          null,
          null,
          null,
          1,
          5472,
          null,
          null,
          1,
          10944,
          null,
          null,
          1,
          5472,
          null,
          null,
          1,
          6,
          null,
          null,
          null,
          null,
          null,
          null,
          null,
          null,
          6,
          6,
          null,
          null,
          1,
          7,
          2,
          5,
          2,
          3,
          2,
          null,
          1,
          null,
          6,
          null,
          null
        ]
      },
      "/Users/mayutakeda/turing/1mod/projects/black_thursday/lib/sales_analyst.rb": {
        "lines": [
          1,
          null,
          1,
          1,
          1,
          null,
          null,
          1,
          56,
          56,
          56,
          56,
          56,
          null,
          null,
          1,
          1426,
          null,
          null,
          null,
          1,
          4,
          4,
          4,
          4,
          1904,
          4,
          null,
          null,
          1,
          8092,
          null,
          null,
          1,
          4760,
          null,
          null,
          1,
          3,
          3,
          1425,
          null,
          159,
          null,
          null,
          1,
          952,
          3692,
          952,
          null,
          null,
          1,
          952,
          2,
          null,
          null,
          1,
          2736,
          2736,
          null,
          null,
          1,
          3740112,
          2734,
          3740112,
          2734,
          null,
          null,
          1,
          951,
          null,
          null,
          1,
          2856,
          null,
          null,
          1,
          3,
          3,
          3,
          3,
          1428,
          3,
          null,
          null,
          1,
          1,
          1,
          475,
          null,
          13,
          null,
          null,
          1,
          1,
          1,
          475,
          null,
          5,
          null,
          null,
          1,
          2,
          2,
          9970,
          null,
          2,
          9970,
          null,
          null,
          null,
          1,
          1,
          1,
          1,
          8,
          1,
          null,
          null,
          1,
          1,
          1,
          1,
          1,
          7,
          1,
          null,
          null,
          1,
          null,
          null,
          null,
          null,
          null,
          null,
          null,
          null,
          null,
          null,
          null,
          null,
          null,
          null,
          null,
          null,
          1,
          3,
          null,
          null,
          1,
          4,
          4,
          1,
          null,
          3,
          5,
          null,
          null,
          null,
          null,
          1,
          2,
          2,
          16,
          null,
          2,
          null,
          null,
          1,
          21831,
          1,
          1,
          1,
          null,
          null
        ]
      },
      "/Users/mayutakeda/turing/1mod/projects/black_thursday/lib/invoice.rb": {
        "lines": [
          1,
          1,
          1,
          null,
          1,
          324037,
          324037,
          324037,
          324037,
          324037,
          324037,
          null,
          null
        ]
      },
      "/Users/mayutakeda/turing/1mod/projects/black_thursday/lib/invoice_repository.rb": {
        "lines": [
          1,
          null,
          1,
          1,
          1,
          null,
          1,
          65,
          65,
          null,
          65,
          324025,
          null,
          null,
          null,
          null,
          null,
          null,
          null,
          null,
          null,
          null,
          1,
          19944,
          null,
          null,
          1,
          44874,
          null,
          null,
          1,
          5,
          null,
          null,
          null,
          null,
          null,
          null,
          null,
          5,
          5,
          null,
          null,
          1,
          2,
          2,
          2,
          null,
          null,
          null,
          null,
          null
        ]
      },
      "/Users/mayutakeda/turing/1mod/projects/black_thursday/lib/invoice_item.rb": {
        "lines": [
          1,
          null,
          1,
          1,
          1,
          1,
          null,
          1,
          1375305,
          1375305,
          1375305,
          1375305,
          1375305,
          1375305,
          1375305,
          null,
          null
        ]
      },
      "/Users/mayutakeda/turing/1mod/projects/black_thursday/lib/invoice_item_repository.rb": {
        "lines": [
          1,
          null,
          1,
          1,
          1,
          null,
          1,
          63,
          63,
          null,
          63,
          1375290,
          null,
          null,
          null,
          null,
          null,
          null,
          null,
          null,
          null,
          null,
          null,
          1,
          87324,
          null,
          null,
          1,
          6,
          null,
          null,
          null,
          null,
          null,
          null,
          null,
          null,
          6,
          6,
          null,
          null,
          1,
          6,
          2,
          4,
          2,
          null,
          2,
          null,
          4,
          null,
          null
        ]
      },
      "/Users/mayutakeda/turing/1mod/projects/black_thursday/lib/transaction.rb": {
        "lines": [
          1,
          1,
          1,
          null,
          1,
          324039,
          324039,
          324039,
          324039,
          324039,
          324039,
          324039,
          null,
          null
        ]
      },
      "/Users/mayutakeda/turing/1mod/projects/black_thursday/lib/transaction_repository.rb": {
        "lines": [
          1,
          null,
          1,
          1,
          1,
          null,
          1,
          65,
          null,
          65,
          324025,
          null,
          null,
          null,
          null,
          null,
          null,
          null,
          null,
          null,
          null,
          null,
          1,
          29916,
          null,
          null,
          1,
          9972,
          null,
          null,
          1,
          19944,
          null,
          null,
          1,
          6,
          null,
          null,
          null,
          null,
          null,
          null,
          null,
          null,
          6,
          6,
          null,
          null,
          1,
          4,
          0,
          4,
          0,
          4,
          2,
          null,
          2,
          null,
          2,
          null,
          null
        ]
      },
      "/Users/mayutakeda/turing/1mod/projects/black_thursday/test/invoice_item_spec.rb": {
        "lines": [
          1,
          null,
          1,
          1,
          9,
          null,
          null,
          null,
          null,
          null,
          null,
          null,
          null,
          null,
          null,
          1,
          1,
          null,
          null,
          1,
          1,
          null,
          null,
          1,
          1,
          null,
          null,
          1,
          1,
          null,
          null,
          1,
          1,
          null,
          null,
          1,
          1,
          null,
          null,
          1,
          1,
          null,
          null,
          1,
          1,
          null,
          null,
          1,
          1,
          1,
          null,
          null
        ]
      },
      "/Users/mayutakeda/turing/1mod/projects/black_thursday/test/invoice_repository_spec.rb": {
        "lines": [
          1,
          null,
          1,
          1,
          9,
          null,
          null,
          1,
          1,
          null,
          null,
          1,
          1,
          null,
          null,
          1,
          1,
          1,
          null,
          null,
          1,
          1,
          1,
          null,
          null,
          1,
          1,
          1,
          null,
          null,
          1,
          1,
          1,
          1,
          null,
          null,
          1,
          null,
          1,
          null,
          null,
          null,
          null,
          null,
          1,
          1,
          1,
          null,
          null,
          1,
          null,
          1,
          null,
          null,
          null,
          null,
          null,
          1,
          1,
          1,
          1,
          1,
          1,
          1,
          1,
          null,
          null,
          1,
          null,
          1,
          null,
          null,
          null,
          null,
          null,
          1,
          1,
          1,
          null,
          null
        ]
      },
      "/Users/mayutakeda/turing/1mod/projects/black_thursday/test/invoice_spec.rb": {
        "lines": [
          1,
          null,
          1,
          1,
          7,
          null,
          null,
          null,
          null,
          null,
          null,
          null,
          null,
          null,
          1,
          1,
          null,
          null,
          1,
          1,
          null,
          null,
          1,
          1,
          null,
          null,
          1,
          1,
          null,
          null,
          1,
          1,
          null,
          null,
          1,
          1,
          1,
          1,
          null,
          null,
          1,
          1,
          null,
          null
        ]
      },
      "/Users/mayutakeda/turing/1mod/projects/black_thursday/test/item_repository_spec.rb": {
        "lines": [
          1,
          null,
          1,
          1,
          11,
          null,
          null,
          1,
          1,
          null,
          null,
          1,
          1,
          1,
          1,
          null,
          null,
          1,
          1,
          1,
          null,
          null,
          1,
          1,
          1,
          1,
          null,
          null,
          1,
          1,
          1,
          null,
          null,
          1,
          1,
          1,
          1,
          1,
          null,
          null,
          1,
          1,
          1,
          null,
          null,
          1,
          1,
          1,
          1,
          1,
          null,
          null,
          1,
          1,
          1,
          1,
          null,
          null,
          1,
          1,
          null,
          1,
          1,
          1,
          1,
          1,
          null,
          1,
          1,
          1,
          null,
          1,
          1,
          1,
          null,
          1,
          1,
          1,
          1,
          null,
          null,
          1,
          1,
          1,
          1,
          null,
          null,
          null
        ]
      },
      "/Users/mayutakeda/turing/1mod/projects/black_thursday/test/item_spec.rb": {
        "lines": [
          1,
          1,
          null,
          1,
          10,
          null,
          null,
          null,
          null,
          null,
          null,
          null,
          null,
          null,
          1,
          1,
          null,
          null,
          1,
          1,
          null,
          null,
          1,
          1,
          null,
          null,
          1,
          1,
          null,
          null,
          1,
          1,
          null,
          null,
          1,
          1,
          null,
          null,
          1,
          1,
          null,
          null,
          1,
          1,
          null,
          null,
          1,
          1,
          null,
          null
        ]
      },
      "/Users/mayutakeda/turing/1mod/projects/black_thursday/test/merchant_repository_spec.rb": {
        "lines": [
          1,
          null,
          null,
          1,
          null,
          1,
          8,
          null,
          null,
          1,
          null,
          1,
          null,
          null,
          1,
          null,
          1,
          1,
          1,
          null,
          null,
          1,
          null,
          1,
          1,
          1,
          null,
          null,
          null,
          1,
          null,
          1,
          1,
          null,
          null,
          null,
          1,
          1,
          1,
          null,
          null,
          1,
          1,
          1,
          null,
          null,
          1,
          null,
          1,
          null,
          1,
          1,
          null,
          null,
          1,
          1,
          1,
          1,
          null,
          null,
          1,
          1,
          null,
          1,
          null,
          1,
          null,
          null,
          null
        ]
      },
      "/Users/mayutakeda/turing/1mod/projects/black_thursday/test/merchant_spec.rb": {
        "lines": [
          1,
          null,
          1,
          1,
          1,
          null,
          1,
          null,
          null,
          1,
          1,
          null,
          1,
          1,
          null,
          null,
          null,
          null
        ]
      },
      "/Users/mayutakeda/turing/1mod/projects/black_thursday/test/sales_analyst_spec.rb": {
        "lines": [
          1,
          null,
          1,
          1,
          18,
          null,
          null,
          null,
          null,
          null,
          null,
          18,
          null,
          null,
          1,
          1,
          null,
          null,
          1,
          1,
          null,
          null,
          1,
          1,
          null,
          null,
          1,
          1,
          1,
          null,
          null,
          1,
          1,
          1,
          1,
          null,
          null,
          1,
          1,
          1,
          1,
          null,
          null,
          1,
          1,
          1,
          null,
          null,
          1,
          1,
          1,
          null,
          null,
          1,
          1,
          1,
          null,
          null,
          1,
          1,
          null,
          null,
          1,
          1,
          null,
          null,
          1,
          1,
          null,
          null,
          1,
          1,
          null,
          null,
          1,
          1,
          null,
          null,
          null,
          1,
          1,
          1,
          1,
          null,
          null,
          1,
          1,
          1,
          1,
          1,
          null,
          null,
          1,
          1,
          1,
          null,
          null,
          1,
          1,
          null,
          null
        ]
      },
      "/Users/mayutakeda/turing/1mod/projects/black_thursday/test/sales_engine_spec.rb": {
        "lines": [
          1,
          null,
          1,
          1,
          38,
          null,
          null,
          null,
          null,
          null,
          null,
          null,
          null,
          1,
          1,
          null,
          null,
          1,
          1,
          null,
          null,
          1,
          1,
          1,
          1,
          null,
          null,
          1,
          1,
          1,
          1,
          null,
          null,
          1,
          1,
          1,
          null,
          null,
          1,
          1,
          1,
          1,
          null,
          null,
          1,
          1,
          1,
          null,
          null,
          1,
          1,
          1,
          1,
          1,
          null,
          null,
          1,
          1,
          1,
          null,
          null,
          1,
          1,
          1,
          1,
          1,
          null,
          null,
          1,
          1,
          1,
          1,
          null,
          null,
          1,
          1,
          1,
          1,
          1,
          1,
          1,
          1,
          1,
          1,
          1,
          1,
          1,
          null,
          null,
          1,
          1,
          1,
          1,
          null,
          null,
          1,
          1,
          null,
          null,
          1,
          1,
          null,
          null,
          1,
          1,
          null,
          null,
          1,
          1,
          1,
          null,
          null,
          1,
          1,
          1,
          null,
          null,
          1,
          1,
          1,
          null,
          null,
          1,
          1,
          1,
          1,
          null,
          null,
          1,
          null,
          1,
          null,
          null,
          null,
          null,
          null,
          1,
          1,
          1,
          null,
          null,
          1,
          null,
          1,
          null,
          null,
          null,
          null,
          null,
          1,
          1,
          1,
          1,
          1,
          null,
          1,
          null,
          null,
          1,
          1,
          null,
          null,
          1,
          1,
          1,
          1,
          null,
          null,
          1,
          1,
          1,
          1,
          null,
          null,
          1,
          1,
          null,
          null,
          1,
          null,
          1,
          null,
          null,
          null,
          null,
          null,
          null,
          1,
          1,
          null,
          null,
          1,
          null,
          1,
          null,
          null,
          null,
          null,
          null,
          null,
          1,
          1,
          1,
          1,
          1,
          1,
          null,
          1,
          1,
          null,
          1,
          null,
          null,
          1,
          null,
          1,
          null,
          null,
          null,
          null,
          null,
          null,
          1,
          1,
          1,
          null,
          null,
          1,
          1,
          null,
          null,
          1,
          1,
          1,
          1,
          null,
          null,
          1,
          1,
          null,
          null,
          1,
          1,
          null,
          null,
          1,
          1,
          null,
          null,
          1,
          1,
          1,
          null,
          null,
          1,
          null,
          1,
          null,
          null,
          null,
          null,
          null,
          null,
          1,
          1,
          null,
          null,
          1,
          null,
          1,
          null,
          null,
          null,
          null,
          null,
          null,
          1,
          1,
          1,
          1,
          1,
          1,
          1,
          null,
          1,
          1,
          null,
          null,
          1,
          null,
          1,
          null,
          null,
          null,
          null,
          null,
          null,
          1,
          null,
          1,
          1,
          null,
          null
        ]
      },
      "/Users/mayutakeda/turing/1mod/projects/black_thursday/test/transaction_repository_spec.rb": {
        "lines": [
          1,
          null,
          1,
          1,
          9,
          null,
          null,
          1,
          1,
          null,
          null,
          1,
          1,
          1,
          1,
          null,
          null,
          1,
          1,
          null,
          null,
          1,
          1,
          null,
          null,
          1,
          1,
          null,
          null,
          1,
          1,
          1,
          null,
          null,
          1,
          null,
          1,
          null,
          null,
          null,
          null,
          null,
          null,
          1,
          1,
          null,
          null,
          1,
          null,
          1,
          null,
          null,
          null,
          null,
          null,
          null,
          1,
          1,
          1,
          1,
          1,
          1,
          1,
          null,
          1,
          1,
          null,
          null,
          1,
          null,
          1,
          null,
          null,
          null,
          null,
          null,
          null,
          1,
          null,
          1,
          1,
          null,
          null
        ]
      },
      "/Users/mayutakeda/turing/1mod/projects/black_thursday/test/transaction_spec.rb": {
        "lines": [
          1,
          null,
          1,
          1,
          8,
          null,
          null,
          null,
          null,
          null,
          null,
          null,
          null,
          null,
          null,
          1,
          1,
          null,
          null,
          1,
          1,
          null,
          null,
          1,
          1,
          null,
          null,
          1,
          1,
          null,
          null,
          1,
          1,
          null,
          null,
          1,
          1,
          null,
          null,
          1,
          1,
          null,
          null,
          1,
          1,
          null,
          null
        ]
      }
    },
    "timestamp": 1654527870
  }
}
