{
  "Unit Tests": {
    "coverage": {
      "/Users/jonathanpope/turing/1mod/projects/black_thursday/lib/item.rb": {
        "lines": [
          1,
          null,
          1,
          1,
          1,
          1,
          null,
          1,
          42377,
          42377,
          42377,
          42377,
          42377,
          42377,
          42377,
          null,
          null
        ]
      },
      "/Users/jonathanpope/turing/1mod/projects/black_thursday/lib/enumerable.rb": {
        "lines": [
          1,
          null,
          1,
          214728,
          null,
          null,
          1,
          0,
          null,
          null,
          1,
          0,
          0,
          null,
          null,
          1,
          0,
          0,
          0,
          null,
          null,
          1,
          31945536,
          null,
          null,
          1,
          0,
          0,
          0,
          null,
          null,
          1,
          3745586,
          null,
          null
        ]
      },
      "/Users/jonathanpope/turing/1mod/projects/black_thursday/lib/sales_engine.rb": {
        "lines": [
          1,
          1,
          null,
          1,
          31,
          31,
          31,
          31,
          31,
          31,
          31,
          null,
          null,
          1,
          31,
          null,
          null
        ]
      },
      "/Users/jonathanpope/turing/1mod/projects/black_thursday/lib/merchant.rb": {
        "lines": [
          1,
          1,
          1,
          null,
          1,
          14725,
          14725,
          null,
          null
        ]
      },
      "/Users/jonathanpope/turing/1mod/projects/black_thursday/lib/merchant_repository.rb": {
        "lines": [
          1,
          null,
          1,
          1,
          1,
          null,
          1,
          31,
          31,
          31,
          14725,
          null,
          null,
          null,
          1,
          0,
          0,
          null,
          null,
          null,
          1,
          0,
          null,
          null,
          1,
          0,
          0,
          null,
          null,
          null,
          null,
          null
        ]
      },
      "/Users/jonathanpope/turing/1mod/projects/black_thursday/lib/item_repository.rb": {
        "lines": [
          1,
          1,
          1,
          null,
          1,
          1,
          1,
          null,
          1,
          31,
          31,
          null,
          31,
          42377,
          null,
          null,
          null,
          null,
          1,
          0,
          null,
          null,
          1,
          0,
          null,
          null,
          1,
          0,
          null,
          null,
          1,
          0,
          null,
          null,
          null,
          null,
          null,
          null,
          null,
          null,
          0,
          0,
          null,
          null,
          1,
          0,
          0,
          0,
          0,
          0,
          0,
          null,
          0,
          null,
          0,
          null,
          null
        ]
      },
      "/Users/jonathanpope/turing/1mod/projects/black_thursday/lib/sales_analyst.rb": {
        "lines": [
          1,
          null,
          1,
          1,
          1,
          null,
          null,
          1,
          31,
          31,
          31,
          31,
          31,
          31,
          null,
          null,
          1,
          1426,
          null,
          null,
          null,
          1,
          4,
          4,
          4,
          4,
          1904,
          4,
          null,
          null,
          1,
          17136,
          null,
          null,
          1,
          5712,
          null,
          null,
          1,
          3,
          3,
          1425,
          null,
          159,
          null,
          null,
          1,
          952,
          3692,
          952,
          null,
          null,
          1,
          952,
          2,
          null,
          null,
          1,
          2736,
          2736,
          null,
          null,
          1,
          3740112,
          2734,
          3740112,
          2734,
          null,
          null,
          1,
          951,
          null,
          null,
          1,
          2856,
          null,
          null,
          1,
          3,
          3,
          3,
          3,
          1428,
          3,
          null,
          null,
          1,
          1,
          1,
          475,
          null,
          13,
          null,
          null,
          1,
          1,
          1,
          475,
          null,
          5,
          null,
          null,
          1,
          5,
          5,
          24925,
          null,
          5,
          24925,
          null,
          null,
          null,
          1,
          2,
          2,
          2,
          16,
          2,
          null,
          null,
          1,
          1,
          1,
          1,
          1,
          7,
          1,
          null,
          null,
          1,
          null,
          null,
          null,
          null,
          null,
          null,
          null,
          null,
          null,
          null,
          null,
          null,
          null,
          null,
          null,
          null,
          1,
          3,
          null,
          null,
          1,
          4,
          4,
          1,
          null,
          3,
          5,
          null,
          null,
          null,
          null,
          1,
          2,
          2,
          16,
          null,
          2,
          null,
          null,
          1,
          21831,
          1,
          1,
          1,
          null,
          null,
          1,
          4,
          4,
          4,
          4,
          4,
          4,
          4,
          null,
          null,
          1,
          14,
          14,
          33156900,
          null,
          14,
          null,
          null,
          1,
          5236,
          11,
          5225,
          1197102885,
          null,
          null,
          11,
          null,
          null,
          1,
          4284,
          9,
          4275,
          44865,
          196470,
          null,
          null,
          null,
          9,
          null,
          null,
          1,
          8,
          3808,
          3808,
          null,
          null,
          1,
          7,
          7,
          3325,
          115,
          null,
          null,
          7,
          null,
          null,
          1,
          6,
          45220,
          null,
          6,
          null,
          null,
          1,
          3,
          3,
          16383,
          639747,
          null,
          null,
          1,
          3,
          1425,
          null,
          732,
          null,
          null
        ]
      },
      "/Users/jonathanpope/turing/1mod/projects/black_thursday/lib/invoice.rb": {
        "lines": [
          1,
          1,
          1,
          null,
          1,
          154535,
          154535,
          154535,
          154535,
          154535,
          154535,
          null,
          null
        ]
      },
      "/Users/jonathanpope/turing/1mod/projects/black_thursday/lib/invoice_repository.rb": {
        "lines": [
          1,
          null,
          1,
          1,
          1,
          null,
          1,
          31,
          31,
          null,
          31,
          154535,
          null,
          null,
          null,
          null,
          null,
          null,
          null,
          null,
          null,
          null,
          1,
          0,
          null,
          null,
          1,
          14958,
          null,
          null,
          1,
          0,
          null,
          null,
          null,
          null,
          null,
          null,
          null,
          0,
          0,
          null,
          null,
          1,
          0,
          0,
          0,
          null,
          null,
          null,
          null,
          null
        ]
      },
      "/Users/jonathanpope/turing/1mod/projects/black_thursday/lib/invoice_item.rb": {
        "lines": [
          1,
          null,
          1,
          1,
          1,
          1,
          null,
          1,
          676730,
          676730,
          676730,
          676730,
          676730,
          676730,
          676730,
          null,
          null
        ]
      },
      "/Users/jonathanpope/turing/1mod/projects/black_thursday/lib/invoice_item_repository.rb": {
        "lines": [
          1,
          null,
          1,
          1,
          1,
          null,
          1,
          31,
          31,
          null,
          31,
          676730,
          null,
          null,
          null,
          null,
          null,
          null,
          null,
          null,
          null,
          null,
          null,
          1,
          43662,
          null,
          null,
          1,
          0,
          null,
          null,
          null,
          null,
          null,
          null,
          null,
          null,
          0,
          0,
          null,
          null,
          1,
          0,
          0,
          0,
          0,
          null,
          0,
          null,
          0,
          null,
          null
        ]
      },
      "/Users/jonathanpope/turing/1mod/projects/black_thursday/lib/transaction.rb": {
        "lines": [
          1,
          1,
          1,
          null,
          1,
          154535,
          154535,
          154535,
          154535,
          154535,
          154535,
          154535,
          null,
          null
        ]
      },
      "/Users/jonathanpope/turing/1mod/projects/black_thursday/lib/transaction_repository.rb": {
        "lines": [
          1,
          null,
          1,
          1,
          1,
          null,
          1,
          31,
          null,
          31,
          154535,
          null,
          null,
          null,
          null,
          null,
          null,
          null,
          null,
          null,
          null,
          null,
          1,
          19944,
          null,
          null,
          1,
          0,
          null,
          null,
          1,
          0,
          null,
          null,
          1,
          0,
          null,
          null,
          null,
          null,
          null,
          null,
          null,
          null,
          0,
          0,
          null,
          null,
          1,
          0,
          0,
          0,
          0,
          0,
          0,
          null,
          0,
          null,
          0,
          null,
          null
        ]
      },
      "/Users/jonathanpope/turing/1mod/projects/black_thursday/lib/customer.rb": {
        "lines": [
          1,
          1,
          1,
          null,
          1,
          31000,
          31000,
          31000,
          31000,
          31000,
          null,
          null,
          null
        ]
      },
      "/Users/jonathanpope/turing/1mod/projects/black_thursday/lib/customer_repository.rb": {
        "lines": [
          1,
          null,
          1,
          1,
          1,
          null,
          1,
          31,
          31,
          null,
          31,
          31000,
          null,
          null,
          null,
          null,
          null,
          null,
          null,
          null,
          null,
          1,
          0,
          0,
          0,
          0,
          null,
          null,
          null,
          null,
          1,
          0,
          0,
          0,
          0,
          null,
          null,
          null,
          null,
          1,
          0,
          null,
          null,
          null,
          null,
          null,
          null,
          null,
          null,
          1,
          0,
          0,
          0,
          0,
          null,
          0,
          null,
          null,
          null,
          null
        ]
      }
    },
    "timestamp": 1654638449
  },
  "RSpec": {
    "coverage": {
      "/Users/mayutakeda/turing/1mod/projects/black_thursday/lib/item.rb": {
        "lines": [
          1,
          null,
          1,
          1,
          1,
          1,
          null,
          1,
          109375,
          109375,
          109375,
          109375,
          109375,
          109375,
          109375,
          null,
          null
        ]
      },
      "/Users/mayutakeda/turing/1mod/projects/black_thursday/lib/enumerable.rb": {
        "lines": [
          1,
          null,
          1,
          1026733,
          null,
          null,
          1,
          3224,
          null,
          null,
          1,
          8,
          8,
          null,
          null,
          1,
          20,
          20,
          20,
          null,
          null,
          1,
          31976424,
          null,
          null,
          1,
          26,
          26,
          26,
          null,
          null,
          1,
          3756525,
          null,
          null
        ]
      },
      "/Users/mayutakeda/turing/1mod/projects/black_thursday/lib/sales_engine.rb": {
        "lines": [
          1,
          1,
          null,
          1,
          69,
          69,
          69,
          69,
          69,
          69,
          null,
          null,
          1,
          69,
          null,
          null
        ]
      },
      "/Users/mayutakeda/turing/1mod/projects/black_thursday/lib/merchant.rb": {
        "lines": [
          1,
          1,
          1,
          null,
          1,
          36580,
          36580,
          null,
          null
        ]
      },
      "/Users/mayutakeda/turing/1mod/projects/black_thursday/lib/merchant_repository.rb": {
        "lines": [
          1,
          null,
          1,
          1,
          1,
          null,
          1,
          77,
          77,
          77,
          36575,
          null,
          null,
          null,
          1,
          2,
          950,
          null,
          null,
          null,
          1,
          3,
          null,
          null,
          1,
          1,
          1,
          null,
          null,
          null,
          null,
          null
        ]
      },
      "/Users/mayutakeda/turing/1mod/projects/black_thursday/lib/item_repository.rb": {
        "lines": [
          1,
          1,
          1,
          null,
          1,
          1,
          1,
          null,
          1,
          80,
          80,
          null,
          80,
          109360,
          null,
          null,
          null,
          null,
          1,
          5472,
          null,
          null,
          1,
          10944,
          null,
          null,
          1,
          5472,
          null,
          null,
          1,
          6,
          null,
          null,
          null,
          null,
          null,
          null,
          null,
          null,
          6,
          6,
          null,
          null,
          1,
          7,
          2,
          5,
          2,
          3,
          2,
          null,
          1,
          null,
          6,
          null,
          null
        ]
      },
      "/Users/mayutakeda/turing/1mod/projects/black_thursday/lib/sales_analyst.rb": {
        "lines": [
          1,
          null,
          1,
          1,
          1,
          null,
          null,
          1,
          69,
          69,
          69,
          69,
          69,
          null,
          null,
          1,
          1426,
          null,
          null,
          null,
          1,
          4,
          4,
          4,
          4,
          1904,
          4,
          null,
          null,
          1,
          17136,
          null,
          null,
          1,
          5712,
          null,
          null,
          1,
          3,
          3,
          1425,
          null,
          159,
          null,
          null,
          1,
          952,
          3692,
          952,
          null,
          null,
          1,
          952,
          2,
          null,
          null,
          1,
          2736,
          2736,
          null,
          null,
          1,
          3740112,
          2734,
          3740112,
          2734,
          null,
          null,
          1,
          951,
          null,
          null,
          1,
          2856,
          null,
          null,
          1,
          3,
          3,
          3,
          3,
          1428,
          3,
          null,
          null,
          1,
          1,
          1,
          475,
          null,
          13,
          null,
          null,
          1,
          1,
          1,
          475,
          null,
          5,
          null,
          null,
          1,
          5,
          5,
          24925,
          null,
          5,
          24925,
          null,
          null,
          null,
          1,
          2,
          2,
          2,
          16,
          2,
          null,
          null,
          1,
          1,
          1,
          1,
          1,
          7,
          1,
          null,
          null,
          1,
          null,
          null,
          null,
          null,
          null,
          null,
          null,
          null,
          null,
          null,
          null,
          null,
          null,
          null,
          null,
          null,
          1,
          3,
          null,
          null,
          1,
          4,
          4,
          1,
          null,
          3,
          5,
          null,
          null,
          null,
          null,
          1,
          2,
          2,
          16,
          null,
          2,
          null,
          null,
          1,
          21831,
          1,
          1,
          1,
          null,
          null,
          1,
          4,
          4,
          4,
          4,
          4,
          4,
          4,
          null,
          null,
          1,
          14,
          14,
          33156900,
          null,
          14,
          null,
          null,
          1,
          5236,
          11,
          5225,
          1197102885,
          null,
          null,
          11,
          null,
          null,
          1,
          4284,
          9,
          4275,
          44865,
          196470,
          null,
          null,
          null,
          9,
          null,
          null,
          1,
          8,
          3808,
          3808,
          null,
          null,
          1,
          7,
          7,
          3325,
          115,
          null,
          null,
          7,
          null,
          null,
          1,
          6,
          45220,
          null,
          6,
          null,
          null,
          1,
          3,
          3,
          16383,
          639747,
          null,
          null,
          1,
          3,
          1425,
          null,
          732,
          null,
          null
        ]
      },
      "/Users/mayutakeda/turing/1mod/projects/black_thursday/lib/invoice.rb": {
        "lines": [
          1,
          1,
          1,
          null,
          1,
          388842,
          388842,
          388842,
          388842,
          388842,
          388842,
          null,
          null
        ]
      },
      "/Users/mayutakeda/turing/1mod/projects/black_thursday/lib/invoice_repository.rb": {
        "lines": [
          1,
          null,
          1,
          1,
          1,
          null,
          1,
          78,
          78,
          null,
          78,
          388830,
          null,
          null,
          null,
          null,
          null,
          null,
          null,
          null,
          null,
          null,
          1,
          19944,
          null,
          null,
          1,
          44874,
          null,
          null,
          1,
          5,
          null,
          null,
          null,
          null,
          null,
          null,
          null,
          5,
          5,
          null,
          null,
          1,
          2,
          2,
          2,
          null,
          null,
          null,
          null,
          null
        ]
      },
      "/Users/mayutakeda/turing/1mod/projects/black_thursday/lib/invoice_item.rb": {
        "lines": [
          1,
          null,
          1,
          1,
          1,
          1,
          null,
          1,
          1659095,
          1659095,
          1659095,
          1659095,
          1659095,
          1659095,
          1659095,
          null,
          null
        ]
      },
      "/Users/mayutakeda/turing/1mod/projects/black_thursday/lib/invoice_item_repository.rb": {
        "lines": [
          1,
          null,
          1,
          1,
          1,
          null,
          1,
          76,
          76,
          null,
          76,
          1659080,
          null,
          null,
          null,
          null,
          null,
          null,
          null,
          null,
          null,
          null,
          null,
          1,
          87324,
          null,
          null,
          1,
          6,
          null,
          null,
          null,
          null,
          null,
          null,
          null,
          null,
          6,
          6,
          null,
          null,
          1,
          6,
          2,
          4,
          2,
          null,
          2,
          null,
          4,
          null,
          null
        ]
      },
      "/Users/mayutakeda/turing/1mod/projects/black_thursday/lib/transaction.rb": {
        "lines": [
          1,
          1,
          1,
          null,
          1,
          388844,
          388844,
          388844,
          388844,
          388844,
          388844,
          388844,
          null,
          null
        ]
      },
      "/Users/mayutakeda/turing/1mod/projects/black_thursday/lib/transaction_repository.rb": {
        "lines": [
          1,
          null,
          1,
          1,
          1,
          null,
          1,
          78,
          null,
          78,
          388830,
          null,
          null,
          null,
          null,
          null,
          null,
          null,
          null,
          null,
          null,
          null,
          1,
          29916,
          null,
          null,
          1,
          9972,
          null,
          null,
          1,
          19944,
          null,
          null,
          1,
          6,
          null,
          null,
          null,
          null,
          null,
          null,
          null,
          null,
          6,
          6,
          null,
          null,
          1,
          4,
          0,
          4,
          0,
          4,
          2,
          null,
          2,
          null,
          2,
          null,
          null
        ]
      },
      "/Users/mayutakeda/turing/1mod/projects/black_thursday/test/invoice_item_spec.rb": {
        "lines": [
          1,
          null,
          1,
          1,
          9,
          null,
          null,
          null,
          null,
          null,
          null,
          null,
          null,
          null,
          null,
          1,
          1,
          null,
          null,
          1,
          1,
          null,
          null,
          1,
          1,
          null,
          null,
          1,
          1,
          null,
          null,
          1,
          1,
          null,
          null,
          1,
          1,
          null,
          null,
          1,
          1,
          null,
          null,
          1,
          1,
          null,
          null,
          1,
          1,
          1,
          null,
          null
        ]
      },
      "/Users/mayutakeda/turing/1mod/projects/black_thursday/test/invoice_repository_spec.rb": {
        "lines": [
          1,
          null,
          1,
          1,
          9,
          null,
          null,
          1,
          1,
          null,
          null,
          1,
          1,
          null,
          null,
          1,
          1,
          1,
          null,
          null,
          1,
          1,
          1,
          null,
          null,
          1,
          1,
          1,
          null,
          null,
          1,
          1,
          1,
          1,
          null,
          null,
          1,
          null,
          1,
          null,
          null,
          null,
          null,
          null,
          1,
          1,
          1,
          null,
          null,
          1,
          null,
          1,
          null,
          null,
          null,
          null,
          null,
          1,
          1,
          1,
          1,
          1,
          1,
          1,
          1,
          null,
          null,
          1,
          null,
          1,
          null,
          null,
          null,
          null,
          null,
          1,
          1,
          1,
          null,
          null
        ]
      },
      "/Users/mayutakeda/turing/1mod/projects/black_thursday/test/invoice_spec.rb": {
        "lines": [
          1,
          null,
          1,
          1,
          7,
          null,
          null,
          null,
          null,
          null,
          null,
          null,
          null,
          null,
          1,
          1,
          null,
          null,
          1,
          1,
          null,
          null,
          1,
          1,
          null,
          null,
          1,
          1,
          null,
          null,
          1,
          1,
          null,
          null,
          1,
          1,
          1,
          1,
          null,
          null,
          1,
          1,
          null,
          null
        ]
      },
      "/Users/mayutakeda/turing/1mod/projects/black_thursday/test/item_repository_spec.rb": {
        "lines": [
          1,
          null,
          1,
          1,
          11,
          null,
          null,
          1,
          1,
          null,
          null,
          1,
          1,
          1,
          1,
          null,
          null,
          1,
          1,
          1,
          null,
          null,
          1,
          1,
          1,
          1,
          null,
          null,
          1,
          1,
          1,
          null,
          null,
          1,
          1,
          1,
          1,
          1,
          null,
          null,
          1,
          1,
          1,
          null,
          null,
          1,
          1,
          1,
          1,
          1,
          null,
          null,
          1,
          1,
          1,
          1,
          null,
          null,
          1,
          1,
          null,
          1,
          1,
          1,
          1,
          1,
          null,
          1,
          1,
          1,
          null,
          1,
          1,
          1,
          null,
          1,
          1,
          1,
          1,
          null,
          null,
          1,
          1,
          1,
          1,
          null,
          null,
          null
        ]
      },
      "/Users/mayutakeda/turing/1mod/projects/black_thursday/test/item_spec.rb": {
        "lines": [
          1,
          1,
          null,
          1,
          10,
          null,
          null,
          null,
          null,
          null,
          null,
          null,
          null,
          null,
          1,
          1,
          null,
          null,
          1,
          1,
          null,
          null,
          1,
          1,
          null,
          null,
          1,
          1,
          null,
          null,
          1,
          1,
          null,
          null,
          1,
          1,
          null,
          null,
          1,
          1,
          null,
          null,
          1,
          1,
          null,
          null,
          1,
          1,
          null,
          null
        ]
      },
      "/Users/mayutakeda/turing/1mod/projects/black_thursday/test/merchant_repository_spec.rb": {
        "lines": [
          1,
          null,
          null,
          1,
          null,
          1,
          8,
          null,
          null,
          1,
          null,
          1,
          null,
          null,
          1,
          null,
          1,
          1,
          1,
          null,
          null,
          1,
          null,
          1,
          1,
          1,
          null,
          null,
          null,
          1,
          null,
          1,
          1,
          null,
          null,
          null,
          1,
          1,
          1,
          null,
          null,
          1,
          1,
          1,
          null,
          null,
          1,
          null,
          1,
          null,
          1,
          1,
          null,
          null,
          1,
          1,
          1,
          1,
          null,
          null,
          1,
          1,
          null,
          1,
          null,
          1,
          null,
          null,
          null
        ]
      },
      "/Users/mayutakeda/turing/1mod/projects/black_thursday/test/merchant_spec.rb": {
        "lines": [
          1,
          null,
          1,
          1,
          1,
          null,
          1,
          null,
          null,
          1,
          1,
          null,
          1,
          1,
          null,
          null,
          null,
          null
        ]
      },
      "/Users/mayutakeda/turing/1mod/projects/black_thursday/test/sales_analyst_spec.rb": {
        "lines": [
          1,
          null,
          1,
          1,
          31,
          null,
          null,
          null,
          null,
          null,
          null,
          31,
          null,
          null,
          1,
          1,
          null,
          null,
          1,
          1,
          null,
          null,
          1,
          1,
          null,
          null,
          1,
          1,
          1,
          null,
          null,
          1,
          1,
          1,
          1,
          null,
          null,
          1,
          1,
          1,
          1,
          null,
          null,
          1,
          1,
          1,
          null,
          null,
          1,
          1,
          1,
          null,
          null,
          1,
          1,
          1,
          null,
          null,
          1,
          1,
          null,
          null,
          1,
          1,
          null,
          null,
          1,
          1,
          null,
          null,
          1,
          1,
          null,
          null,
          1,
          1,
          null,
          null,
          null,
          1,
          1,
          1,
          1,
          null,
          null,
          1,
          1,
          1,
          1,
          1,
          null,
          null,
          1,
          1,
          1,
          null,
          null,
          1,
          1,
          null,
          null,
          1,
          1,
          1,
          1,
          1,
          1,
          null,
          null,
          1,
          1,
          1,
          null,
          null,
          1,
          1,
          1,
          1,
          null,
          null,
          1,
          1,
          1,
          null,
          null,
          1,
          1,
          null,
          null,
          1,
          1,
          1,
          1,
          null,
          null,
          1,
          1,
          1,
          1,
          1,
          1,
          null,
          null,
          1,
          1,
          1,
          1,
          1,
          1,
          null,
          null,
          1,
          1,
          1,
          1,
          1,
          1,
          1,
          null,
          null,
          1,
          null,
          1,
          1,
          1,
          1,
          1,
          1,
          1,
          null,
          null,
          1,
          1,
          1,
          1,
          1,
          1,
          1,
          1,
          1,
          null,
          null,
          1,
          1,
          1,
          1,
          null,
          null,
          1,
          1,
          1,
          1,
          null,
          null
        ]
      },
      "/Users/mayutakeda/turing/1mod/projects/black_thursday/test/sales_engine_spec.rb": {
        "lines": [
          1,
          null,
          1,
          1,
          38,
          null,
          null,
          null,
          null,
          null,
          null,
          null,
          null,
          1,
          1,
          null,
          null,
          1,
          1,
          null,
          null,
          1,
          1,
          1,
          1,
          null,
          null,
          1,
          1,
          1,
          1,
          null,
          null,
          1,
          1,
          1,
          null,
          null,
          1,
          1,
          1,
          1,
          null,
          null,
          1,
          1,
          1,
          null,
          null,
          1,
          1,
          1,
          1,
          1,
          null,
          null,
          1,
          1,
          1,
          null,
          null,
          1,
          1,
          1,
          1,
          1,
          null,
          null,
          1,
          1,
          1,
          1,
          null,
          null,
          1,
          1,
          1,
          1,
          1,
          1,
          1,
          1,
          1,
          1,
          1,
          1,
          1,
          null,
          null,
          1,
          1,
          1,
          1,
          null,
          null,
          1,
          1,
          null,
          null,
          1,
          1,
          null,
          null,
          1,
          1,
          null,
          null,
          1,
          1,
          1,
          null,
          null,
          1,
          1,
          1,
          null,
          null,
          1,
          1,
          1,
          null,
          null,
          1,
          1,
          1,
          1,
          null,
          null,
          1,
          null,
          1,
          null,
          null,
          null,
          null,
          null,
          1,
          1,
          1,
          null,
          null,
          1,
          null,
          1,
          null,
          null,
          null,
          null,
          null,
          1,
          1,
          1,
          1,
          1,
          null,
          1,
          null,
          null,
          1,
          1,
          null,
          null,
          1,
          1,
          1,
          1,
          null,
          null,
          1,
          1,
          1,
          1,
          null,
          null,
          1,
          1,
          null,
          null,
          1,
          null,
          1,
          null,
          null,
          null,
          null,
          null,
          null,
          1,
          1,
          null,
          null,
          1,
          null,
          1,
          null,
          null,
          null,
          null,
          null,
          null,
          1,
          1,
          1,
          1,
          1,
          1,
          null,
          1,
          1,
          null,
          1,
          null,
          null,
          1,
          null,
          1,
          null,
          null,
          null,
          null,
          null,
          null,
          1,
          1,
          1,
          null,
          null,
          1,
          1,
          null,
          null,
          1,
          1,
          1,
          1,
          null,
          null,
          1,
          1,
          null,
          null,
          1,
          1,
          null,
          null,
          1,
          1,
          null,
          null,
          1,
          1,
          1,
          null,
          null,
          1,
          null,
          1,
          null,
          null,
          null,
          null,
          null,
          null,
          1,
          1,
          null,
          null,
          1,
          null,
          1,
          null,
          null,
          null,
          null,
          null,
          null,
          1,
          1,
          1,
          1,
          1,
          1,
          1,
          null,
          1,
          1,
          null,
          null,
          1,
          null,
          1,
          null,
          null,
          null,
          null,
          null,
          null,
          1,
          null,
          1,
          1,
          null,
          null
        ]
      },
      "/Users/mayutakeda/turing/1mod/projects/black_thursday/test/transaction_repository_spec.rb": {
        "lines": [
          1,
          null,
          1,
          1,
          9,
          null,
          null,
          1,
          1,
          null,
          null,
          1,
          1,
          1,
          1,
          null,
          null,
          1,
          1,
          null,
          null,
          1,
          1,
          null,
          null,
          1,
          1,
          null,
          null,
          1,
          1,
          1,
          null,
          null,
          1,
          null,
          1,
          null,
          null,
          null,
          null,
          null,
          null,
          1,
          1,
          null,
          null,
          1,
          null,
          1,
          null,
          null,
          null,
          null,
          null,
          null,
          1,
          1,
          1,
          1,
          1,
          1,
          1,
          null,
          1,
          1,
          null,
          null,
          1,
          null,
          1,
          null,
          null,
          null,
          null,
          null,
          null,
          1,
          null,
          1,
          1,
          null,
          null
        ]
      },
      "/Users/mayutakeda/turing/1mod/projects/black_thursday/test/transaction_spec.rb": {
        "lines": [
          1,
          null,
          1,
          1,
          8,
          null,
          null,
          null,
          null,
          null,
          null,
          null,
          null,
          null,
          null,
          1,
          1,
          null,
          null,
          1,
          1,
          null,
          null,
          1,
          1,
          null,
          null,
          1,
          1,
          null,
          null,
          1,
          1,
          null,
          null,
          1,
          1,
          null,
          null,
          1,
          1,
          null,
          null,
          1,
          1,
          null,
          null
        ]
      }
    },
    "timestamp": 1654561910
  }
}
